<?xml version="1.0" encoding="UTF-8"?>
<!-- Generated by org.testng.reporters.JUnitReportReporter -->
<testsuite hostname="rahul-mbp15.local" name="test.Login" tests="4" failures="0" timestamp="20 Feb 2014 21:33:07 GMT" time="8.648" errors="0">
  <testcase name="EmptyLoginTest" time="2.779" classname="test.Login"/>
  <testcase name="InvalidLoginTest" time="1.148" classname="test.Login"/>
  <testcase name="InvalidLoginTest" time="0.387" classname="test.Login"/>
  <testcase name="EmptyLoginTest" time="4.334" classname="test.Login"/>
</testsuite> <!-- test.Login -->
