<?xml version="1.0" encoding="UTF-8"?>
<!-- Generated by org.testng.reporters.JUnitReportReporter -->
<testsuite hostname="rahul-mbp15.local" name="test.Home" tests="10" failures="0" timestamp="20 Feb 2014 21:33:07 GMT" time="34.968" errors="0">
  <testcase name="HomeTest" time="6.150" classname="test.Home"/>
  <testcase name="statusEmpty" time="2.660" classname="test.Home"/>
  <testcase name="HomeTest" time="6.192" classname="test.Home"/>
  <testcase name="statusHappy" time="2.340" classname="test.Home"/>
  <testcase name="toolTip" time="0.268" classname="test.Home"/>
  <testcase name="dropDown" time="3.856" classname="test.Home"/>
  <testcase name="dropDown" time="7.928" classname="test.Home"/>
  <testcase name="toolTip" time="1.000" classname="test.Home"/>
  <testcase name="statusEmpty" time="2.732" classname="test.Home"/>
  <testcase name="statusHappy" time="1.842" classname="test.Home"/>
</testsuite> <!-- test.Home -->
