<?xml version="1.0" encoding="UTF-8"?>
<!-- Generated by org.testng.reporters.JUnitReportReporter -->
<testsuite hostname="rahul-mbp15.local" name="test.Login" tests="2" failures="0" timestamp="16 Feb 2014 20:38:31 GMT" time="2.673" errors="0">
  <testcase name="InvalidLoginTest" time="1.320" classname="test.Login"/>
  <testcase name="EmptyLoginTest" time="1.353" classname="test.Login"/>
</testsuite> <!-- test.Login -->
