<?xml version="1.0" encoding="UTF-8"?>
<!-- Generated by org.testng.reporters.JUnitReportReporter -->
<testsuite hostname="rahul-mbp15.local" name="test.Logout" tests="1" failures="0" timestamp="16 Feb 2014 20:38:31 GMT" time="7.598" errors="0">
  <testcase name="logoutTest" time="7.598" classname="test.Logout"/>
</testsuite> <!-- test.Logout -->
