<?xml version="1.0" encoding="UTF-8"?>
<!-- Generated by org.testng.reporters.JUnitReportReporter -->
<testsuite hostname="rahul-mbp15.local" name="test.Login" tests="1" failures="0" timestamp="14 Feb 2014 06:58:57 GMT" time="6.463" errors="0">
  <testcase name="searchTest" time="6.463" classname="test.Login"/>
</testsuite> <!-- test.Login -->
