<?xml version="1.0" encoding="UTF-8"?>
<!-- Generated by org.testng.reporters.JUnitReportReporter -->
<testsuite hostname="rahul-mbp15.local" name="test.Login" tests="2" failures="0" timestamp="17 Feb 2014 21:28:02 GMT" time="2.825" errors="0">
  <testcase name="EmptyLoginTest" time="1.498" classname="test.Login"/>
  <testcase name="InvalidLoginTest" time="1.327" classname="test.Login"/>
</testsuite> <!-- test.Login -->
