<?xml version="1.0" encoding="UTF-8"?>
<!-- Generated by org.testng.reporters.JUnitReportReporter -->
<testsuite hostname="rahul-mbp15.local" name="test.Home" tests="2" failures="0" timestamp="17 Feb 2014 21:28:02 GMT" time="11.976" errors="0">
  <testcase name="statusEmpty" time="4.977" classname="test.Home"/>
  <testcase name="HomeTest" time="6.999" classname="test.Home"/>
</testsuite> <!-- test.Home -->
