<?xml version="1.0" encoding="UTF-8"?>
<!-- Generated by org.testng.reporters.JUnitReportReporter -->
<testsuite hostname="rahul-mbp15.local" name="test.Logout" tests="1" failures="0" timestamp="17 Feb 2014 21:28:02 GMT" time="1.806" errors="0">
  <testcase name="logoutTest" time="1.806" classname="test.Logout"/>
</testsuite> <!-- test.Logout -->
